INFO:     Will watch for changes in these directories: ['/opt/lampp/htdocs/farm/services/api']
INFO:     Uvicorn running on http://0.0.0.0:8000 (Press CTRL+C to quit)
INFO:     Started reloader process [14269] using WatchFiles
2026-03-08 16:30:40.295 | WARNING  | core.database:<module>:12 - Usando banco local SQLite devido à falta de PostgreSQL configurado.
INFO:     Started server process [14272]
INFO:     Waiting for application startup.
INFO:     Application startup complete.
INFO:     127.0.0.1:50244 - "POST /api/v1/auth/login HTTP/1.1" 200 OK
INFO:     127.0.0.1:50254 - "POST /api/v1/onboarding/convites/aceitar?token=SXxLA0-0DmLBkQWYpLgx9w7rUru1UdGo3FieyGtWThc HTTP/1.1" 500 Internal Server Error
ERROR:    Exception in ASGI application
Traceback (most recent call last):
  File "/opt/lampp/htdocs/farm/services/api/.venv/lib/python3.10/site-packages/uvicorn/protocols/http/httptools_impl.py", line 416, in run_asgi
    result = await app(  # type: ignore[func-returns-value]
  File "/opt/lampp/htdocs/farm/services/api/.venv/lib/python3.10/site-packages/uvicorn/middleware/proxy_headers.py", line 60, in __call__
    return await self.app(scope, receive, send)
  File "/opt/lampp/htdocs/farm/services/api/.venv/lib/python3.10/site-packages/fastapi/applications.py", line 1160, in __call__
    await super().__call__(scope, receive, send)
  File "/opt/lampp/htdocs/farm/services/api/.venv/lib/python3.10/site-packages/starlette/applications.py", line 107, in __call__
    await self.middleware_stack(scope, receive, send)
  File "/opt/lampp/htdocs/farm/services/api/.venv/lib/python3.10/site-packages/starlette/middleware/errors.py", line 186, in __call__
    raise exc
  File "/opt/lampp/htdocs/farm/services/api/.venv/lib/python3.10/site-packages/starlette/middleware/errors.py", line 164, in __call__
    await self.app(scope, receive, _send)
  File "/opt/lampp/htdocs/farm/services/api/.venv/lib/python3.10/site-packages/starlette/middleware/cors.py", line 87, in __call__
    await self.app(scope, receive, send)
  File "/opt/lampp/htdocs/farm/services/api/.venv/lib/python3.10/site-packages/starlette/middleware/exceptions.py", line 63, in __call__
    await wrap_app_handling_exceptions(self.app, conn)(scope, receive, send)
  File "/opt/lampp/htdocs/farm/services/api/.venv/lib/python3.10/site-packages/starlette/_exception_handler.py", line 53, in wrapped_app
    raise exc
  File "/opt/lampp/htdocs/farm/services/api/.venv/lib/python3.10/site-packages/starlette/_exception_handler.py", line 42, in wrapped_app
    await app(scope, receive, sender)
  File "/opt/lampp/htdocs/farm/services/api/.venv/lib/python3.10/site-packages/fastapi/middleware/asyncexitstack.py", line 18, in __call__
    await self.app(scope, receive, send)
  File "/opt/lampp/htdocs/farm/services/api/.venv/lib/python3.10/site-packages/starlette/routing.py", line 716, in __call__
    await self.middleware_stack(scope, receive, send)
  File "/opt/lampp/htdocs/farm/services/api/.venv/lib/python3.10/site-packages/starlette/routing.py", line 736, in app
    await route.handle(scope, receive, send)
  File "/opt/lampp/htdocs/farm/services/api/.venv/lib/python3.10/site-packages/starlette/routing.py", line 290, in handle
    await self.app(scope, receive, send)
  File "/opt/lampp/htdocs/farm/services/api/.venv/lib/python3.10/site-packages/fastapi/routing.py", line 130, in app
    await wrap_app_handling_exceptions(app, request)(scope, receive, send)
  File "/opt/lampp/htdocs/farm/services/api/.venv/lib/python3.10/site-packages/starlette/_exception_handler.py", line 53, in wrapped_app
    raise exc
  File "/opt/lampp/htdocs/farm/services/api/.venv/lib/python3.10/site-packages/starlette/_exception_handler.py", line 42, in wrapped_app
    await app(scope, receive, sender)
  File "/opt/lampp/htdocs/farm/services/api/.venv/lib/python3.10/site-packages/fastapi/routing.py", line 116, in app
    response = await f(request)
  File "/opt/lampp/htdocs/farm/services/api/.venv/lib/python3.10/site-packages/fastapi/routing.py", line 670, in app
    raw_response = await run_endpoint_function(
  File "/opt/lampp/htdocs/farm/services/api/.venv/lib/python3.10/site-packages/fastapi/routing.py", line 324, in run_endpoint_function
    return await dependant.call(**values)
  File "/opt/lampp/htdocs/farm/services/api/core/routers/onboarding.py", line 50, in aceitar_convite
    resultado = await onboard_svc.aceitar_convite(token, user_id)
  File "/opt/lampp/htdocs/farm/services/api/core/services/onboarding_service.py", line 152, in aceitar_convite
    if convite.data_expiracao < datetime.now(timezone.utc):
TypeError: can't compare offset-naive and offset-aware datetimes
WARNING:  WatchFiles detected changes in 'core/services/onboarding_service.py'. Reloading...
INFO:     Shutting down
INFO:     Waiting for application shutdown.
INFO:     Application shutdown complete.
INFO:     Finished server process [14272]
2026-03-08 16:31:33.815 | WARNING  | core.database:<module>:12 - Usando banco local SQLite devido à falta de PostgreSQL configurado.
INFO:     Started server process [14461]
INFO:     Waiting for application startup.
INFO:     Application startup complete.
INFO:     127.0.0.1:53076 - "POST /api/v1/auth/login HTTP/1.1" 200 OK
INFO:     127.0.0.1:53078 - "POST /api/v1/onboarding/convites/aceitar?token=SXxLA0-0DmLBkQWYpLgx9w7rUru1UdGo3FieyGtWThc HTTP/1.1" 200 OK
INFO:     127.0.0.1:50446 - "POST /api/v1/auth/login HTTP/1.1" 200 OK
INFO:     127.0.0.1:50450 - "GET /api/v1/auth/me HTTP/1.1" 200 OK
INFO:     127.0.0.1:33888 - "OPTIONS /api/v1/safras HTTP/1.1" 200 OK
INFO:     127.0.0.1:33888 - "GET /api/v1/safras HTTP/1.1" 307 Temporary Redirect
INFO:     127.0.0.1:33888 - "OPTIONS /api/v1/safras/ HTTP/1.1" 200 OK
INFO:     127.0.0.1:33888 - "GET /api/v1/safras/ HTTP/1.1" 200 OK
INFO:     127.0.0.1:33890 - "GET /api/v1/safras HTTP/1.1" 307 Temporary Redirect
INFO:     127.0.0.1:33890 - "GET /api/v1/safras/ HTTP/1.1" 401 Unauthorized
INFO:     127.0.0.1:35488 - "GET /api/v1/safras HTTP/1.1" 307 Temporary Redirect
INFO:     127.0.0.1:35488 - "GET /api/v1/safras/ HTTP/1.1" 401 Unauthorized
INFO:     127.0.0.1:37624 - "OPTIONS /api/v1/auth/login HTTP/1.1" 200 OK
INFO:     127.0.0.1:37624 - "POST /api/v1/auth/login HTTP/1.1" 401 Unauthorized
INFO:     127.0.0.1:52578 - "POST /api/v1/auth/login HTTP/1.1" 200 OK
INFO:     127.0.0.1:52578 - "OPTIONS /api/v1/auth/me HTTP/1.1" 200 OK
INFO:     127.0.0.1:52578 - "GET /api/v1/auth/me HTTP/1.1" 200 OK
WARNING:  WatchFiles detected changes in 'core/dependencies.py'. Reloading...
INFO:     Shutting down
INFO:     Waiting for application shutdown.
INFO:     Application shutdown complete.
INFO:     Finished server process [14461]
2026-03-08 16:57:25.908 | WARNING  | core.database:<module>:12 - Usando banco local SQLite devido à falta de PostgreSQL configurado.
INFO:     Started server process [16778]
INFO:     Waiting for application startup.
INFO:     Application startup complete.
WARNING:  WatchFiles detected changes in 'core/routers/backoffice.py'. Reloading...
INFO:     Shutting down
INFO:     Waiting for application shutdown.
INFO:     Application shutdown complete.
INFO:     Finished server process [16778]
2026-03-08 16:57:35.547 | WARNING  | core.database:<module>:12 - Usando banco local SQLite devido à falta de PostgreSQL configurado.
INFO:     Started server process [16813]
INFO:     Waiting for application startup.
INFO:     Application startup complete.
WARNING:  WatchFiles detected changes in 'main.py'. Reloading...
INFO:     Shutting down
INFO:     Waiting for application shutdown.
INFO:     Application shutdown complete.
INFO:     Finished server process [16813]
2026-03-08 16:57:52.348 | WARNING  | core.database:<module>:12 - Usando banco local SQLite devido à falta de PostgreSQL configurado.
INFO:     Started server process [16860]
INFO:     Waiting for application startup.
INFO:     Application startup complete.
INFO:     127.0.0.1:38236 - "POST /api/v1/auth/login HTTP/1.1" 200 OK
INFO:     127.0.0.1:38242 - "GET /api/v1/auth/me HTTP/1.1" 200 OK
INFO:     127.0.0.1:38244 - "GET /api/v1/backoffice/tenants HTTP/1.1" 403 Forbidden
INFO:     127.0.0.1:38502 - "POST /api/v1/auth/login HTTP/1.1" 200 OK
INFO:     127.0.0.1:38510 - "GET /api/v1/auth/me HTTP/1.1" 200 OK
INFO:     127.0.0.1:38526 - "GET /api/v1/backoffice/tenants HTTP/1.1" 403 Forbidden
INFO:     127.0.0.1:49464 - "POST /api/v1/auth/login HTTP/1.1" 200 OK
INFO:     127.0.0.1:49478 - "GET /api/v1/auth/me HTTP/1.1" 200 OK
INFO:     127.0.0.1:49494 - "GET /api/v1/backoffice/tenants HTTP/1.1" 403 Forbidden
WARNING:  WatchFiles detected changes in 'core/services/auth_service.py'. Reloading...
INFO:     Shutting down
INFO:     Waiting for application shutdown.
INFO:     Application shutdown complete.
INFO:     Finished server process [16860]
2026-03-08 17:12:54.702 | WARNING  | core.database:<module>:12 - Usando banco local SQLite devido à falta de PostgreSQL configurado.
INFO:     Started server process [17718]
INFO:     Waiting for application startup.
INFO:     Application startup complete.
INFO:     127.0.0.1:44566 - "POST /api/v1/auth/login HTTP/1.1" 200 OK
INFO:     127.0.0.1:44572 - "GET /api/v1/auth/me HTTP/1.1" 200 OK
INFO:     127.0.0.1:44574 - "GET /api/v1/backoffice/tenants HTTP/1.1" 200 OK
INFO:     127.0.0.1:43916 - "OPTIONS /api/v1/auth/login HTTP/1.1" 200 OK
INFO:     127.0.0.1:43916 - "POST /api/v1/auth/login HTTP/1.1" 200 OK
INFO:     127.0.0.1:43916 - "OPTIONS /api/v1/auth/me HTTP/1.1" 200 OK
INFO:     127.0.0.1:43916 - "GET /api/v1/auth/me HTTP/1.1" 200 OK
INFO:     127.0.0.1:50694 - "POST /api/v1/auth/login HTTP/1.1" 200 OK
INFO:     127.0.0.1:50694 - "GET /api/v1/auth/me HTTP/1.1" 200 OK
INFO:     127.0.0.1:50696 - "OPTIONS /api/v1/backoffice/tenants HTTP/1.1" 200 OK
INFO:     127.0.0.1:50696 - "GET /api/v1/backoffice/tenants HTTP/1.1" 200 OK
WARNING:  WatchFiles detected changes in 'core/services/auth_service.py'. Reloading...
INFO:     Shutting down
INFO:     Waiting for application shutdown.
INFO:     Application shutdown complete.
INFO:     Finished server process [17718]
2026-03-08 17:56:39.496 | WARNING  | core.database:<module>:12 - Usando banco local SQLite devido à falta de PostgreSQL configurado.
INFO:     Started server process [18741]
INFO:     Waiting for application startup.
INFO:     Application startup complete.
INFO:     127.0.0.1:37390 - "OPTIONS /api/v1/backoffice/tenants HTTP/1.1" 200 OK
INFO:     127.0.0.1:37390 - "GET /api/v1/backoffice/tenants HTTP/1.1" 200 OK
INFO:     127.0.0.1:37394 - "OPTIONS /api/v1/auth/login HTTP/1.1" 200 OK
INFO:     127.0.0.1:37394 - "POST /api/v1/auth/login HTTP/1.1" 200 OK
INFO:     127.0.0.1:37394 - "OPTIONS /api/v1/auth/me HTTP/1.1" 200 OK
INFO:     127.0.0.1:37394 - "GET /api/v1/auth/me HTTP/1.1" 200 OK
INFO:     127.0.0.1:35130 - "OPTIONS /api/v1/backoffice/tenants/514c2ae2-c62a-4d2b-ba82-d7f7b5325da0/toggle-status HTTP/1.1" 200 OK
INFO:     127.0.0.1:35130 - "POST /api/v1/backoffice/tenants/514c2ae2-c62a-4d2b-ba82-d7f7b5325da0/toggle-status HTTP/1.1" 200 OK
INFO:     127.0.0.1:35130 - "OPTIONS /api/v1/backoffice/tenants HTTP/1.1" 200 OK
INFO:     127.0.0.1:35130 - "GET /api/v1/backoffice/tenants HTTP/1.1" 200 OK
INFO:     127.0.0.1:35130 - "POST /api/v1/backoffice/tenants/514c2ae2-c62a-4d2b-ba82-d7f7b5325da0/toggle-status HTTP/1.1" 200 OK
INFO:     127.0.0.1:35130 - "GET /api/v1/backoffice/tenants HTTP/1.1" 200 OK
INFO:     127.0.0.1:37052 - "OPTIONS /api/v1/backoffice/tenants/514c2ae2-c62a-4d2b-ba82-d7f7b5325da0/toggle-status HTTP/1.1" 200 OK
INFO:     127.0.0.1:37052 - "POST /api/v1/backoffice/tenants/514c2ae2-c62a-4d2b-ba82-d7f7b5325da0/toggle-status HTTP/1.1" 200 OK
INFO:     127.0.0.1:37052 - "OPTIONS /api/v1/backoffice/tenants HTTP/1.1" 200 OK
INFO:     127.0.0.1:37052 - "GET /api/v1/backoffice/tenants HTTP/1.1" 200 OK
INFO:     127.0.0.1:37052 - "POST /api/v1/backoffice/tenants/514c2ae2-c62a-4d2b-ba82-d7f7b5325da0/toggle-status HTTP/1.1" 200 OK
INFO:     127.0.0.1:37052 - "GET /api/v1/backoffice/tenants HTTP/1.1" 200 OK
WARNING:  WatchFiles detected changes in 'core/schemas/billing_schemas.py'. Reloading...
INFO:     Shutting down
INFO:     Waiting for application shutdown.
INFO:     Application shutdown complete.
INFO:     Finished server process [18741]
WARNING:  WatchFiles detected changes in 'core/schemas/billing_schemas.py'. Reloading...
2026-03-08 21:30:59.428 | WARNING  | core.database:<module>:12 - Usando banco local SQLite devido à falta de PostgreSQL configurado.
INFO:     Started server process [22310]
INFO:     Waiting for application startup.
INFO:     Application startup complete.
WARNING:  WatchFiles detected changes in 'core/routers/backoffice.py'. Reloading...
INFO:     Shutting down
INFO:     Waiting for application shutdown.
INFO:     Application shutdown complete.
INFO:     Finished server process [22310]
2026-03-08 21:31:07.176 | WARNING  | core.database:<module>:12 - Usando banco local SQLite devido à falta de PostgreSQL configurado.
INFO:     Started server process [22322]
INFO:     Waiting for application startup.
INFO:     Application startup complete.
WARNING:  WatchFiles detected changes in 'core/routers/backoffice.py'. Reloading...
INFO:     Shutting down
INFO:     Waiting for application shutdown.
INFO:     Application shutdown complete.
INFO:     Finished server process [22322]
2026-03-08 21:31:15.742 | WARNING  | core.database:<module>:12 - Usando banco local SQLite devido à falta de PostgreSQL configurado.
INFO:     Started server process [22339]
INFO:     Waiting for application startup.
INFO:     Application startup complete.
INFO:     127.0.0.1:45600 - "OPTIONS /api/v1/backoffice/tenants HTTP/1.1" 200 OK
INFO:     127.0.0.1:45600 - "GET /api/v1/backoffice/tenants HTTP/1.1" 200 OK
WARNING:  WatchFiles detected changes in 'scripts/seed_plans.py'. Reloading...
INFO:     Shutting down
INFO:     Waiting for application shutdown.
INFO:     Application shutdown complete.
INFO:     Finished server process [22339]
WARNING:  WatchFiles detected changes in 'scripts/seed_plans.py'. Reloading...
2026-03-08 21:33:09.894 | WARNING  | core.database:<module>:12 - Usando banco local SQLite devido à falta de PostgreSQL configurado.
INFO:     Started server process [22692]
INFO:     Waiting for application startup.
INFO:     Application startup complete.
INFO:     Shutting down
INFO:     Waiting for application shutdown.
INFO:     Application shutdown complete.
INFO:     Finished server process [22692]
2026-03-08 21:33:11.419 | WARNING  | core.database:<module>:12 - Usando banco local SQLite devido à falta de PostgreSQL configurado.
INFO:     Started server process [22701]
INFO:     Waiting for application startup.
INFO:     Application startup complete.
WARNING:  WatchFiles detected changes in 'scripts/seed_plans.py'. Reloading...
INFO:     Shutting down
INFO:     Waiting for application shutdown.
INFO:     Application shutdown complete.
INFO:     Finished server process [22701]
2026-03-08 21:44:23.267 | WARNING  | core.database:<module>:12 - Usando banco local SQLite devido à falta de PostgreSQL configurado.
INFO:     Started server process [23121]
INFO:     Waiting for application startup.
INFO:     Application startup complete.
WARNING:  WatchFiles detected changes in 'core/routers/backoffice.py'. Reloading...
INFO:     Shutting down
INFO:     Waiting for application shutdown.
INFO:     Application shutdown complete.
INFO:     Finished server process [23121]
2026-03-08 21:46:09.155 | WARNING  | core.database:<module>:12 - Usando banco local SQLite devido à falta de PostgreSQL configurado.
INFO:     Started server process [23346]
INFO:     Waiting for application startup.
INFO:     Application startup complete.
WARNING:  WatchFiles detected changes in 'core/routers/backoffice.py'. Reloading...
INFO:     Shutting down
INFO:     Waiting for application shutdown.
INFO:     Application shutdown complete.
INFO:     Finished server process [23346]
2026-03-08 21:46:57.561 | WARNING  | core.database:<module>:12 - Usando banco local SQLite devido à falta de PostgreSQL configurado.
INFO:     Started server process [23461]
INFO:     Waiting for application startup.
INFO:     Application startup complete.
INFO:     127.0.0.1:43568 - "OPTIONS /api/v1/auth/login HTTP/1.1" 200 OK
INFO:     127.0.0.1:43568 - "POST /api/v1/auth/login HTTP/1.1" 200 OK
INFO:     127.0.0.1:43568 - "OPTIONS /api/v1/auth/me HTTP/1.1" 200 OK
INFO:     127.0.0.1:43568 - "GET /api/v1/auth/me HTTP/1.1" 200 OK
INFO:     127.0.0.1:43584 - "OPTIONS /api/v1/backoffice/plans HTTP/1.1" 200 OK
INFO:     127.0.0.1:43568 - "OPTIONS /api/v1/backoffice/tenants HTTP/1.1" 200 OK
INFO:     127.0.0.1:43568 - "GET /api/v1/backoffice/plans HTTP/1.1" 200 OK
INFO:     127.0.0.1:43584 - "GET /api/v1/backoffice/tenants HTTP/1.1" 200 OK
WARNING:  WatchFiles detected changes in 'core/schemas/billing_schemas.py'. Reloading...
INFO:     Shutting down
INFO:     Waiting for application shutdown.
INFO:     Application shutdown complete.
INFO:     Finished server process [23461]
2026-03-08 21:48:20.976 | WARNING  | core.database:<module>:12 - Usando banco local SQLite devido à falta de PostgreSQL configurado.
INFO:     Started server process [23559]
INFO:     Waiting for application startup.
INFO:     Application startup complete.
WARNING:  WatchFiles detected changes in 'core/routers/backoffice.py'. Reloading...
INFO:     Shutting down
INFO:     Waiting for application shutdown.
INFO:     Application shutdown complete.
INFO:     Finished server process [23559]
2026-03-08 21:48:26.421 | WARNING  | core.database:<module>:12 - Usando banco local SQLite devido à falta de PostgreSQL configurado.
INFO:     Started server process [23576]
INFO:     Waiting for application startup.
INFO:     Application startup complete.
WARNING:  WatchFiles detected changes in 'core/routers/backoffice.py'. Reloading...
INFO:     Shutting down
INFO:     Waiting for application shutdown.
INFO:     Application shutdown complete.
INFO:     Finished server process [23576]
2026-03-08 21:48:35.904 | WARNING  | core.database:<module>:12 - Usando banco local SQLite devido à falta de PostgreSQL configurado.
INFO:     Started server process [23587]
INFO:     Waiting for application startup.
INFO:     Application startup complete.
INFO:     127.0.0.1:48562 - "GET /api/v1/backoffice/plans HTTP/1.1" 200 OK
INFO:     127.0.0.1:48556 - "GET /api/v1/backoffice/tenants HTTP/1.1" 200 OK
INFO:     127.0.0.1:48564 - "POST /api/v1/auth/login HTTP/1.1" 401 Unauthorized
INFO:     127.0.0.1:58754 - "POST /api/v1/auth/login HTTP/1.1" 200 OK
INFO:     127.0.0.1:58754 - "GET /api/v1/auth/me HTTP/1.1" 200 OK
INFO:     127.0.0.1:58754 - "OPTIONS /api/v1/backoffice/invoices HTTP/1.1" 200 OK
INFO:     127.0.0.1:58754 - "GET /api/v1/backoffice/invoices HTTP/1.1" 200 OK
WARNING:  WatchFiles detected changes in 'core/routers/backoffice.py'. Reloading...
INFO:     Shutting down
INFO:     Waiting for application shutdown.
INFO:     Application shutdown complete.
INFO:     Finished server process [23587]
2026-03-08 21:50:36.416 | WARNING  | core.database:<module>:12 - Usando banco local SQLite devido à falta de PostgreSQL configurado.
INFO:     Started server process [23789]
INFO:     Waiting for application startup.
INFO:     Application startup complete.
INFO:     127.0.0.1:57416 - "GET /api/v1/backoffice/tenants HTTP/1.1" 200 OK
INFO:     127.0.0.1:57428 - "GET /api/v1/backoffice/plans HTTP/1.1" 200 OK
WARNING:  WatchFiles detected changes in 'core/routers/backoffice.py'. Reloading...
INFO:     Shutting down
INFO:     Waiting for application shutdown.
INFO:     Application shutdown complete.
INFO:     Finished server process [23789]
2026-03-08 21:52:58.502 | WARNING  | core.database:<module>:12 - Usando banco local SQLite devido à falta de PostgreSQL configurado.
INFO:     Started server process [24073]
INFO:     Waiting for application startup.
INFO:     Application startup complete.
INFO:     127.0.0.1:54844 - "POST /api/v1/auth/login HTTP/1.1" 401 Unauthorized
INFO:     127.0.0.1:54848 - "POST /api/v1/auth/login HTTP/1.1" 401 Unauthorized
INFO:     127.0.0.1:51552 - "POST /api/v1/auth/login HTTP/1.1" 401 Unauthorized
INFO:     127.0.0.1:51558 - "POST /api/v1/auth/login HTTP/1.1" 200 OK
INFO:     127.0.0.1:51558 - "GET /api/v1/auth/me HTTP/1.1" 200 OK
INFO:     127.0.0.1:49950 - "GET /api/v1/backoffice/tenants HTTP/1.1" 200 OK
INFO:     127.0.0.1:49954 - "GET /api/v1/backoffice/plans HTTP/1.1" 200 OK
WARNING:  WatchFiles detected changes in 'core/routers/billing.py'. Reloading...
INFO:     Shutting down
INFO:     Waiting for application shutdown.
INFO:     Application shutdown complete.
INFO:     Finished server process [24073]
2026-03-08 22:18:23.794 | WARNING  | core.database:<module>:12 - Usando banco local SQLite devido à falta de PostgreSQL configurado.
INFO:     Started server process [24650]
INFO:     Waiting for application startup.
INFO:     Application startup complete.
INFO:     127.0.0.1:46552 - "OPTIONS /api/v1/auth/login HTTP/1.1" 200 OK
INFO:     127.0.0.1:46558 - "POST /api/v1/auth/login HTTP/1.1" 200 OK
INFO:     127.0.0.1:46558 - "OPTIONS /api/v1/auth/me HTTP/1.1" 200 OK
INFO:     127.0.0.1:46558 - "GET /api/v1/auth/me HTTP/1.1" 200 OK
INFO:     127.0.0.1:46558 - "OPTIONS /api/v1/backoffice/tenants HTTP/1.1" 200 OK
INFO:     127.0.0.1:46552 - "OPTIONS /api/v1/backoffice/plans HTTP/1.1" 200 OK
INFO:     127.0.0.1:46552 - "GET /api/v1/backoffice/tenants HTTP/1.1" 200 OK
INFO:     127.0.0.1:46558 - "GET /api/v1/backoffice/plans HTTP/1.1" 200 OK
INFO:     127.0.0.1:44380 - "OPTIONS /api/v1/backoffice/invoices HTTP/1.1" 200 OK
INFO:     127.0.0.1:44380 - "GET /api/v1/backoffice/invoices HTTP/1.1" 200 OK
INFO:     127.0.0.1:44380 - "OPTIONS /api/v1/backoffice/users HTTP/1.1" 200 OK
INFO:     127.0.0.1:44380 - "GET /api/v1/backoffice/users HTTP/1.1" 200 OK
WARNING:  WatchFiles detected changes in 'main.py'. Reloading...
INFO:     Shutting down
INFO:     Waiting for application shutdown.
INFO:     Application shutdown complete.
INFO:     Finished server process [24650]
2026-03-08 22:18:37.945 | WARNING  | core.database:<module>:12 - Usando banco local SQLite devido à falta de PostgreSQL configurado.
Process SpawnProcess-23:
Traceback (most recent call last):
  File "/usr/lib/python3.10/multiprocessing/process.py", line 314, in _bootstrap
    self.run()
  File "/usr/lib/python3.10/multiprocessing/process.py", line 108, in run
    self._target(*self._args, **self._kwargs)
  File "/opt/lampp/htdocs/farm/services/api/.venv/lib/python3.10/site-packages/uvicorn/_subprocess.py", line 80, in subprocess_started
    target(sockets=sockets)
  File "/opt/lampp/htdocs/farm/services/api/.venv/lib/python3.10/site-packages/uvicorn/server.py", line 75, in run
    return asyncio_run(self.serve(sockets=sockets), loop_factory=self.config.get_loop_factory())
  File "/opt/lampp/htdocs/farm/services/api/.venv/lib/python3.10/site-packages/uvicorn/_compat.py", line 60, in asyncio_run
    return loop.run_until_complete(main)
  File "uvloop/loop.pyx", line 1518, in uvloop.loop.Loop.run_until_complete
  File "/opt/lampp/htdocs/farm/services/api/.venv/lib/python3.10/site-packages/uvicorn/server.py", line 79, in serve
    await self._serve(sockets)
  File "/opt/lampp/htdocs/farm/services/api/.venv/lib/python3.10/site-packages/uvicorn/server.py", line 86, in _serve
    config.load()
  File "/opt/lampp/htdocs/farm/services/api/.venv/lib/python3.10/site-packages/uvicorn/config.py", line 441, in load
    self.loaded_app = import_from_string(self.app)
  File "/opt/lampp/htdocs/farm/services/api/.venv/lib/python3.10/site-packages/uvicorn/importer.py", line 19, in import_from_string
    module = importlib.import_module(module_str)
  File "/usr/lib/python3.10/importlib/__init__.py", line 126, in import_module
    return _bootstrap._gcd_import(name[level:], package, level)
  File "<frozen importlib._bootstrap>", line 1050, in _gcd_import
  File "<frozen importlib._bootstrap>", line 1027, in _find_and_load
  File "<frozen importlib._bootstrap>", line 1006, in _find_and_load_unlocked
  File "<frozen importlib._bootstrap>", line 688, in _load_unlocked
  File "<frozen importlib._bootstrap_external>", line 883, in exec_module
  File "<frozen importlib._bootstrap>", line 241, in _call_with_frames_removed
  File "/opt/lampp/htdocs/farm/services/api/main.py", line 45, in <module>
    app.include_router(billing.router, prefix="/api/v1")
NameError: name 'billing' is not defined
WARNING:  WatchFiles detected changes in 'main.py'. Reloading...
2026-03-08 22:18:46.157 | WARNING  | core.database:<module>:12 - Usando banco local SQLite devido à falta de PostgreSQL configurado.
Process SpawnProcess-24:
Traceback (most recent call last):
  File "/usr/lib/python3.10/multiprocessing/process.py", line 314, in _bootstrap
    self.run()
  File "/usr/lib/python3.10/multiprocessing/process.py", line 108, in run
    self._target(*self._args, **self._kwargs)
  File "/opt/lampp/htdocs/farm/services/api/.venv/lib/python3.10/site-packages/uvicorn/_subprocess.py", line 80, in subprocess_started
    target(sockets=sockets)
  File "/opt/lampp/htdocs/farm/services/api/.venv/lib/python3.10/site-packages/uvicorn/server.py", line 75, in run
    return asyncio_run(self.serve(sockets=sockets), loop_factory=self.config.get_loop_factory())
  File "/opt/lampp/htdocs/farm/services/api/.venv/lib/python3.10/site-packages/uvicorn/_compat.py", line 60, in asyncio_run
    return loop.run_until_complete(main)
  File "uvloop/loop.pyx", line 1518, in uvloop.loop.Loop.run_until_complete
  File "/opt/lampp/htdocs/farm/services/api/.venv/lib/python3.10/site-packages/uvicorn/server.py", line 79, in serve
    await self._serve(sockets)
  File "/opt/lampp/htdocs/farm/services/api/.venv/lib/python3.10/site-packages/uvicorn/server.py", line 86, in _serve
    config.load()
  File "/opt/lampp/htdocs/farm/services/api/.venv/lib/python3.10/site-packages/uvicorn/config.py", line 441, in load
    self.loaded_app = import_from_string(self.app)
  File "/opt/lampp/htdocs/farm/services/api/.venv/lib/python3.10/site-packages/uvicorn/importer.py", line 19, in import_from_string
    module = importlib.import_module(module_str)
  File "/usr/lib/python3.10/importlib/__init__.py", line 126, in import_module
    return _bootstrap._gcd_import(name[level:], package, level)
  File "<frozen importlib._bootstrap>", line 1050, in _gcd_import
  File "<frozen importlib._bootstrap>", line 1027, in _find_and_load
  File "<frozen importlib._bootstrap>", line 1006, in _find_and_load_unlocked
  File "<frozen importlib._bootstrap>", line 688, in _load_unlocked
  File "<frozen importlib._bootstrap_external>", line 883, in exec_module
  File "<frozen importlib._bootstrap>", line 241, in _call_with_frames_removed
  File "/opt/lampp/htdocs/farm/services/api/main.py", line 18, in <module>
    from core.routers import billing
  File "/opt/lampp/htdocs/farm/services/api/core/routers/billing.py", line 7, in <module>
    from core.dependencies import get_session, get_current_user, get_current_tenant
ImportError: cannot import name 'get_current_user' from 'core.dependencies' (/opt/lampp/htdocs/farm/services/api/core/dependencies.py)
WARNING:  WatchFiles detected changes in 'core/config.py'. Reloading...
2026-03-08 22:29:54.072 | WARNING  | core.database:<module>:12 - Usando banco local SQLite devido à falta de PostgreSQL configurado.
Process SpawnProcess-25:
Traceback (most recent call last):
  File "/usr/lib/python3.10/multiprocessing/process.py", line 314, in _bootstrap
    self.run()
  File "/usr/lib/python3.10/multiprocessing/process.py", line 108, in run
    self._target(*self._args, **self._kwargs)
  File "/opt/lampp/htdocs/farm/services/api/.venv/lib/python3.10/site-packages/uvicorn/_subprocess.py", line 80, in subprocess_started
    target(sockets=sockets)
  File "/opt/lampp/htdocs/farm/services/api/.venv/lib/python3.10/site-packages/uvicorn/server.py", line 75, in run
    return asyncio_run(self.serve(sockets=sockets), loop_factory=self.config.get_loop_factory())
  File "/opt/lampp/htdocs/farm/services/api/.venv/lib/python3.10/site-packages/uvicorn/_compat.py", line 60, in asyncio_run
    return loop.run_until_complete(main)
  File "uvloop/loop.pyx", line 1518, in uvloop.loop.Loop.run_until_complete
  File "/opt/lampp/htdocs/farm/services/api/.venv/lib/python3.10/site-packages/uvicorn/server.py", line 79, in serve
    await self._serve(sockets)
  File "/opt/lampp/htdocs/farm/services/api/.venv/lib/python3.10/site-packages/uvicorn/server.py", line 86, in _serve
    config.load()
  File "/opt/lampp/htdocs/farm/services/api/.venv/lib/python3.10/site-packages/uvicorn/config.py", line 441, in load
    self.loaded_app = import_from_string(self.app)
  File "/opt/lampp/htdocs/farm/services/api/.venv/lib/python3.10/site-packages/uvicorn/importer.py", line 19, in import_from_string
    module = importlib.import_module(module_str)
  File "/usr/lib/python3.10/importlib/__init__.py", line 126, in import_module
    return _bootstrap._gcd_import(name[level:], package, level)
  File "<frozen importlib._bootstrap>", line 1050, in _gcd_import
  File "<frozen importlib._bootstrap>", line 1027, in _find_and_load
  File "<frozen importlib._bootstrap>", line 1006, in _find_and_load_unlocked
  File "<frozen importlib._bootstrap>", line 688, in _load_unlocked
  File "<frozen importlib._bootstrap_external>", line 883, in exec_module
  File "<frozen importlib._bootstrap>", line 241, in _call_with_frames_removed
  File "/opt/lampp/htdocs/farm/services/api/main.py", line 18, in <module>
    from core.routers import billing
  File "/opt/lampp/htdocs/farm/services/api/core/routers/billing.py", line 7, in <module>
    from core.dependencies import get_session, get_current_user, get_current_tenant
ImportError: cannot import name 'get_current_user' from 'core.dependencies' (/opt/lampp/htdocs/farm/services/api/core/dependencies.py)
WARNING:  WatchFiles detected changes in '.venv/lib/python3.10/site-packages/jinja2/lexer.py', '.venv/lib64/python3.10/site-packages/aiosmtplib/esmtp.py', '.venv/lib64/python3.10/site-packages/jinja2/tests.py', '.venv/lib64/python3.10/site-packages/aiosmtplib/errors.py', '.venv/lib64/python3.10/site-packages/jinja2/parser.py', '.venv/lib/python3.10/site-packages/jinja2/filters.py', '.venv/lib/python3.10/site-packages/jinja2/exceptions.py', '.venv/lib64/python3.10/site-packages/aiosmtplib/typing.py', '.venv/lib/python3.10/site-packages/jinja2/nativetypes.py', '.venv/lib/python3.10/site-packages/jinja2/constants.py', '.venv/lib64/python3.10/site-packages/jinja2/meta.py', '.venv/lib/python3.10/site-packages/jinja2/runtime.py', '.venv/lib64/python3.10/site-packages/aiosmtplib/api.py', '.venv/lib64/python3.10/site-packages/jinja2/defaults.py', '.venv/lib/python3.10/site-packages/jinja2/compiler.py', '.venv/lib/python3.10/site-packages/jinja2/visitor.py', '.venv/lib64/python3.10/site-packages/jinja2/loaders.py', '.venv/lib64/python3.10/site-packages/jinja2/_identifier.py', '.venv/lib/python3.10/site-packages/aiosmtplib/protocol.py', '.venv/lib64/python3.10/site-packages/jinja2/bccache.py', '.venv/lib/python3.10/site-packages/jinja2/sandbox.py', '.venv/lib/python3.10/site-packages/jinja2/ext.py', '.venv/lib64/python3.10/site-packages/jinja2/lexer.py', '.venv/lib/python3.10/site-packages/aiosmtplib/__main__.py', '.venv/lib/python3.10/site-packages/jinja2/nodes.py', '.venv/lib64/python3.10/site-packages/jinja2/filters.py', '.venv/lib64/python3.10/site-packages/jinja2/exceptions.py', '.venv/lib/python3.10/site-packages/jinja2/async_utils.py', '.venv/lib64/python3.10/site-packages/aiosmtplib/smtp.py', '.venv/lib64/python3.10/site-packages/jinja2/async_utils.py', '.venv/lib64/python3.10/site-packages/jinja2/nativetypes.py', '.venv/lib64/python3.10/site-packages/jinja2/constants.py', '.venv/lib/python3.10/site-packages/jinja2/idtracking.py', '.venv/lib64/python3.10/site-packages/jinja2/idtracking.py', '.venv/lib64/python3.10/site-packages/jinja2/runtime.py', '.venv/lib/python3.10/site-packages/aiosmtplib/email.py', '.venv/lib64/python3.10/site-packages/jinja2/compiler.py', '.venv/lib64/python3.10/site-packages/jinja2/visitor.py', '.venv/lib/python3.10/site-packages/aiosmtplib/status.py', '.venv/lib/python3.10/site-packages/jinja2/__init__.py', '.venv/lib/python3.10/site-packages/aiosmtplib/auth.py', '.venv/lib64/python3.10/site-packages/jinja2/__init__.py', '.venv/lib/python3.10/site-packages/jinja2/optimizer.py', '.venv/lib64/python3.10/site-packages/jinja2/sandbox.py', '.venv/lib/python3.10/site-packages/aiosmtplib/response.py', '.venv/lib64/python3.10/site-packages/jinja2/ext.py', '.venv/lib/python3.10/site-packages/jinja2/debug.py', '.venv/lib64/python3.10/site-packages/jinja2/debug.py', '.venv/lib64/python3.10/site-packages/aiosmtplib/__init__.py', '.venv/lib64/python3.10/site-packages/jinja2/nodes.py', '.venv/lib/python3.10/site-packages/jinja2/utils.py', '.venv/lib64/python3.10/site-packages/aiosmtplib/__main__.py', '.venv/lib/python3.10/site-packages/jinja2/environment.py', '.venv/lib/python3.10/site-packages/aiosmtplib/esmtp.py', '.venv/lib64/python3.10/site-packages/jinja2/environment.py', '.venv/lib/python3.10/site-packages/aiosmtplib/errors.py', '.venv/lib/python3.10/site-packages/aiosmtplib/typing.py', '.venv/lib/python3.10/site-packages/aiosmtplib/smtp.py', '.venv/lib64/python3.10/site-packages/aiosmtplib/email.py', '.venv/lib/python3.10/site-packages/jinja2/parser.py', '.venv/lib/python3.10/site-packages/jinja2/tests.py', '.venv/lib64/python3.10/site-packages/jinja2/optimizer.py', '.venv/lib/python3.10/site-packages/aiosmtplib/api.py', '.venv/lib64/python3.10/site-packages/aiosmtplib/status.py', '.venv/lib64/python3.10/site-packages/aiosmtplib/protocol.py', '.venv/lib64/python3.10/site-packages/aiosmtplib/auth.py', '.venv/lib/python3.10/site-packages/jinja2/meta.py', '.venv/lib64/python3.10/site-packages/aiosmtplib/response.py', '.venv/lib64/python3.10/site-packages/jinja2/utils.py', '.venv/lib/python3.10/site-packages/jinja2/defaults.py', '.venv/lib/python3.10/site-packages/jinja2/loaders.py', '.venv/lib/python3.10/site-packages/jinja2/_identifier.py', '.venv/lib/python3.10/site-packages/jinja2/bccache.py', '.venv/lib/python3.10/site-packages/aiosmtplib/__init__.py'. Reloading...
2026-03-08 22:30:29.160 | WARNING  | core.database:<module>:12 - Usando banco local SQLite devido à falta de PostgreSQL configurado.
Process SpawnProcess-26:
Traceback (most recent call last):
  File "/usr/lib/python3.10/multiprocessing/process.py", line 314, in _bootstrap
    self.run()
  File "/usr/lib/python3.10/multiprocessing/process.py", line 108, in run
    self._target(*self._args, **self._kwargs)
  File "/opt/lampp/htdocs/farm/services/api/.venv/lib/python3.10/site-packages/uvicorn/_subprocess.py", line 80, in subprocess_started
    target(sockets=sockets)
  File "/opt/lampp/htdocs/farm/services/api/.venv/lib/python3.10/site-packages/uvicorn/server.py", line 75, in run
    return asyncio_run(self.serve(sockets=sockets), loop_factory=self.config.get_loop_factory())
  File "/opt/lampp/htdocs/farm/services/api/.venv/lib/python3.10/site-packages/uvicorn/_compat.py", line 60, in asyncio_run
    return loop.run_until_complete(main)
  File "uvloop/loop.pyx", line 1518, in uvloop.loop.Loop.run_until_complete
  File "/opt/lampp/htdocs/farm/services/api/.venv/lib/python3.10/site-packages/uvicorn/server.py", line 79, in serve
    await self._serve(sockets)
  File "/opt/lampp/htdocs/farm/services/api/.venv/lib/python3.10/site-packages/uvicorn/server.py", line 86, in _serve
    config.load()
  File "/opt/lampp/htdocs/farm/services/api/.venv/lib/python3.10/site-packages/uvicorn/config.py", line 441, in load
    self.loaded_app = import_from_string(self.app)
  File "/opt/lampp/htdocs/farm/services/api/.venv/lib/python3.10/site-packages/uvicorn/importer.py", line 19, in import_from_string
    module = importlib.import_module(module_str)
  File "/usr/lib/python3.10/importlib/__init__.py", line 126, in import_module
    return _bootstrap._gcd_import(name[level:], package, level)
  File "<frozen importlib._bootstrap>", line 1050, in _gcd_import
  File "<frozen importlib._bootstrap>", line 1027, in _find_and_load
  File "<frozen importlib._bootstrap>", line 1006, in _find_and_load_unlocked
  File "<frozen importlib._bootstrap>", line 688, in _load_unlocked
  File "<frozen importlib._bootstrap_external>", line 883, in exec_module
  File "<frozen importlib._bootstrap>", line 241, in _call_with_frames_removed
  File "/opt/lampp/htdocs/farm/services/api/main.py", line 18, in <module>
    from core.routers import billing
  File "/opt/lampp/htdocs/farm/services/api/core/routers/billing.py", line 7, in <module>
    from core.dependencies import get_session, get_current_user, get_current_tenant
ImportError: cannot import name 'get_current_user' from 'core.dependencies' (/opt/lampp/htdocs/farm/services/api/core/dependencies.py)
WARNING:  WatchFiles detected changes in 'core/services/email_service.py'. Reloading...
2026-03-08 22:31:20.168 | WARNING  | core.database:<module>:12 - Usando banco local SQLite devido à falta de PostgreSQL configurado.
Process SpawnProcess-27:
Traceback (most recent call last):
  File "/usr/lib/python3.10/multiprocessing/process.py", line 314, in _bootstrap
    self.run()
  File "/usr/lib/python3.10/multiprocessing/process.py", line 108, in run
    self._target(*self._args, **self._kwargs)
  File "/opt/lampp/htdocs/farm/services/api/.venv/lib/python3.10/site-packages/uvicorn/_subprocess.py", line 80, in subprocess_started
    target(sockets=sockets)
  File "/opt/lampp/htdocs/farm/services/api/.venv/lib/python3.10/site-packages/uvicorn/server.py", line 75, in run
    return asyncio_run(self.serve(sockets=sockets), loop_factory=self.config.get_loop_factory())
  File "/opt/lampp/htdocs/farm/services/api/.venv/lib/python3.10/site-packages/uvicorn/_compat.py", line 60, in asyncio_run
    return loop.run_until_complete(main)
  File "uvloop/loop.pyx", line 1518, in uvloop.loop.Loop.run_until_complete
  File "/opt/lampp/htdocs/farm/services/api/.venv/lib/python3.10/site-packages/uvicorn/server.py", line 79, in serve
    await self._serve(sockets)
  File "/opt/lampp/htdocs/farm/services/api/.venv/lib/python3.10/site-packages/uvicorn/server.py", line 86, in _serve
    config.load()
  File "/opt/lampp/htdocs/farm/services/api/.venv/lib/python3.10/site-packages/uvicorn/config.py", line 441, in load
    self.loaded_app = import_from_string(self.app)
  File "/opt/lampp/htdocs/farm/services/api/.venv/lib/python3.10/site-packages/uvicorn/importer.py", line 19, in import_from_string
    module = importlib.import_module(module_str)
  File "/usr/lib/python3.10/importlib/__init__.py", line 126, in import_module
    return _bootstrap._gcd_import(name[level:], package, level)
  File "<frozen importlib._bootstrap>", line 1050, in _gcd_import
  File "<frozen importlib._bootstrap>", line 1027, in _find_and_load
  File "<frozen importlib._bootstrap>", line 1006, in _find_and_load_unlocked
  File "<frozen importlib._bootstrap>", line 688, in _load_unlocked
  File "<frozen importlib._bootstrap_external>", line 883, in exec_module
  File "<frozen importlib._bootstrap>", line 241, in _call_with_frames_removed
  File "/opt/lampp/htdocs/farm/services/api/main.py", line 18, in <module>
    from core.routers import billing
  File "/opt/lampp/htdocs/farm/services/api/core/routers/billing.py", line 7, in <module>
    from core.dependencies import get_session, get_current_user, get_current_tenant
ImportError: cannot import name 'get_current_user' from 'core.dependencies' (/opt/lampp/htdocs/farm/services/api/core/dependencies.py)
WARNING:  WatchFiles detected changes in 'core/routers/backoffice.py'. Reloading...
2026-03-08 22:31:28.549 | WARNING  | core.database:<module>:12 - Usando banco local SQLite devido à falta de PostgreSQL configurado.
Process SpawnProcess-28:
Traceback (most recent call last):
  File "/usr/lib/python3.10/multiprocessing/process.py", line 314, in _bootstrap
    self.run()
  File "/usr/lib/python3.10/multiprocessing/process.py", line 108, in run
    self._target(*self._args, **self._kwargs)
  File "/opt/lampp/htdocs/farm/services/api/.venv/lib/python3.10/site-packages/uvicorn/_subprocess.py", line 80, in subprocess_started
    target(sockets=sockets)
  File "/opt/lampp/htdocs/farm/services/api/.venv/lib/python3.10/site-packages/uvicorn/server.py", line 75, in run
    return asyncio_run(self.serve(sockets=sockets), loop_factory=self.config.get_loop_factory())
  File "/opt/lampp/htdocs/farm/services/api/.venv/lib/python3.10/site-packages/uvicorn/_compat.py", line 60, in asyncio_run
    return loop.run_until_complete(main)
  File "uvloop/loop.pyx", line 1518, in uvloop.loop.Loop.run_until_complete
  File "/opt/lampp/htdocs/farm/services/api/.venv/lib/python3.10/site-packages/uvicorn/server.py", line 79, in serve
    await self._serve(sockets)
  File "/opt/lampp/htdocs/farm/services/api/.venv/lib/python3.10/site-packages/uvicorn/server.py", line 86, in _serve
    config.load()
  File "/opt/lampp/htdocs/farm/services/api/.venv/lib/python3.10/site-packages/uvicorn/config.py", line 441, in load
    self.loaded_app = import_from_string(self.app)
  File "/opt/lampp/htdocs/farm/services/api/.venv/lib/python3.10/site-packages/uvicorn/importer.py", line 19, in import_from_string
    module = importlib.import_module(module_str)
  File "/usr/lib/python3.10/importlib/__init__.py", line 126, in import_module
    return _bootstrap._gcd_import(name[level:], package, level)
  File "<frozen importlib._bootstrap>", line 1050, in _gcd_import
  File "<frozen importlib._bootstrap>", line 1027, in _find_and_load
  File "<frozen importlib._bootstrap>", line 1006, in _find_and_load_unlocked
  File "<frozen importlib._bootstrap>", line 688, in _load_unlocked
  File "<frozen importlib._bootstrap_external>", line 883, in exec_module
  File "<frozen importlib._bootstrap>", line 241, in _call_with_frames_removed
  File "/opt/lampp/htdocs/farm/services/api/main.py", line 18, in <module>
    from core.routers import billing
  File "/opt/lampp/htdocs/farm/services/api/core/routers/billing.py", line 7, in <module>
    from core.dependencies import get_session, get_current_user, get_current_tenant
ImportError: cannot import name 'get_current_user' from 'core.dependencies' (/opt/lampp/htdocs/farm/services/api/core/dependencies.py)
WARNING:  WatchFiles detected changes in 'core/routers/backoffice.py'. Reloading...
2026-03-08 22:31:46.146 | WARNING  | core.database:<module>:12 - Usando banco local SQLite devido à falta de PostgreSQL configurado.
Process SpawnProcess-29:
Traceback (most recent call last):
  File "/usr/lib/python3.10/multiprocessing/process.py", line 314, in _bootstrap
    self.run()
  File "/usr/lib/python3.10/multiprocessing/process.py", line 108, in run
    self._target(*self._args, **self._kwargs)
  File "/opt/lampp/htdocs/farm/services/api/.venv/lib/python3.10/site-packages/uvicorn/_subprocess.py", line 80, in subprocess_started
    target(sockets=sockets)
  File "/opt/lampp/htdocs/farm/services/api/.venv/lib/python3.10/site-packages/uvicorn/server.py", line 75, in run
    return asyncio_run(self.serve(sockets=sockets), loop_factory=self.config.get_loop_factory())
  File "/opt/lampp/htdocs/farm/services/api/.venv/lib/python3.10/site-packages/uvicorn/_compat.py", line 60, in asyncio_run
    return loop.run_until_complete(main)
  File "uvloop/loop.pyx", line 1518, in uvloop.loop.Loop.run_until_complete
  File "/opt/lampp/htdocs/farm/services/api/.venv/lib/python3.10/site-packages/uvicorn/server.py", line 79, in serve
    await self._serve(sockets)
  File "/opt/lampp/htdocs/farm/services/api/.venv/lib/python3.10/site-packages/uvicorn/server.py", line 86, in _serve
    config.load()
  File "/opt/lampp/htdocs/farm/services/api/.venv/lib/python3.10/site-packages/uvicorn/config.py", line 441, in load
    self.loaded_app = import_from_string(self.app)
  File "/opt/lampp/htdocs/farm/services/api/.venv/lib/python3.10/site-packages/uvicorn/importer.py", line 19, in import_from_string
    module = importlib.import_module(module_str)
  File "/usr/lib/python3.10/importlib/__init__.py", line 126, in import_module
    return _bootstrap._gcd_import(name[level:], package, level)
  File "<frozen importlib._bootstrap>", line 1050, in _gcd_import
  File "<frozen importlib._bootstrap>", line 1027, in _find_and_load
  File "<frozen importlib._bootstrap>", line 1006, in _find_and_load_unlocked
  File "<frozen importlib._bootstrap>", line 688, in _load_unlocked
  File "<frozen importlib._bootstrap_external>", line 883, in exec_module
  File "<frozen importlib._bootstrap>", line 241, in _call_with_frames_removed
  File "/opt/lampp/htdocs/farm/services/api/main.py", line 18, in <module>
    from core.routers import billing
  File "/opt/lampp/htdocs/farm/services/api/core/routers/billing.py", line 7, in <module>
    from core.dependencies import get_session, get_current_user, get_current_tenant
ImportError: cannot import name 'get_current_user' from 'core.dependencies' (/opt/lampp/htdocs/farm/services/api/core/dependencies.py)
WARNING:  WatchFiles detected changes in 'core/services/email_service.py'. Reloading...
2026-03-08 22:32:18.737 | WARNING  | core.database:<module>:12 - Usando banco local SQLite devido à falta de PostgreSQL configurado.
Process SpawnProcess-30:
Traceback (most recent call last):
  File "/usr/lib/python3.10/multiprocessing/process.py", line 314, in _bootstrap
    self.run()
  File "/usr/lib/python3.10/multiprocessing/process.py", line 108, in run
    self._target(*self._args, **self._kwargs)
  File "/opt/lampp/htdocs/farm/services/api/.venv/lib/python3.10/site-packages/uvicorn/_subprocess.py", line 80, in subprocess_started
    target(sockets=sockets)
  File "/opt/lampp/htdocs/farm/services/api/.venv/lib/python3.10/site-packages/uvicorn/server.py", line 75, in run
    return asyncio_run(self.serve(sockets=sockets), loop_factory=self.config.get_loop_factory())
  File "/opt/lampp/htdocs/farm/services/api/.venv/lib/python3.10/site-packages/uvicorn/_compat.py", line 60, in asyncio_run
    return loop.run_until_complete(main)
  File "uvloop/loop.pyx", line 1518, in uvloop.loop.Loop.run_until_complete
  File "/opt/lampp/htdocs/farm/services/api/.venv/lib/python3.10/site-packages/uvicorn/server.py", line 79, in serve
    await self._serve(sockets)
  File "/opt/lampp/htdocs/farm/services/api/.venv/lib/python3.10/site-packages/uvicorn/server.py", line 86, in _serve
    config.load()
  File "/opt/lampp/htdocs/farm/services/api/.venv/lib/python3.10/site-packages/uvicorn/config.py", line 441, in load
    self.loaded_app = import_from_string(self.app)
  File "/opt/lampp/htdocs/farm/services/api/.venv/lib/python3.10/site-packages/uvicorn/importer.py", line 19, in import_from_string
    module = importlib.import_module(module_str)
  File "/usr/lib/python3.10/importlib/__init__.py", line 126, in import_module
    return _bootstrap._gcd_import(name[level:], package, level)
  File "<frozen importlib._bootstrap>", line 1050, in _gcd_import
  File "<frozen importlib._bootstrap>", line 1027, in _find_and_load
  File "<frozen importlib._bootstrap>", line 1006, in _find_and_load_unlocked
  File "<frozen importlib._bootstrap>", line 688, in _load_unlocked
  File "<frozen importlib._bootstrap_external>", line 883, in exec_module
  File "<frozen importlib._bootstrap>", line 241, in _call_with_frames_removed
  File "/opt/lampp/htdocs/farm/services/api/main.py", line 18, in <module>
    from core.routers import billing
  File "/opt/lampp/htdocs/farm/services/api/core/routers/billing.py", line 7, in <module>
    from core.dependencies import get_session, get_current_user, get_current_tenant
ImportError: cannot import name 'get_current_user' from 'core.dependencies' (/opt/lampp/htdocs/farm/services/api/core/dependencies.py)
WARNING:  WatchFiles detected changes in 'core/services/onboarding_service.py'. Reloading...
2026-03-08 22:32:25.770 | WARNING  | core.database:<module>:12 - Usando banco local SQLite devido à falta de PostgreSQL configurado.
Process SpawnProcess-31:
Traceback (most recent call last):
  File "/usr/lib/python3.10/multiprocessing/process.py", line 314, in _bootstrap
    self.run()
  File "/usr/lib/python3.10/multiprocessing/process.py", line 108, in run
    self._target(*self._args, **self._kwargs)
  File "/opt/lampp/htdocs/farm/services/api/.venv/lib/python3.10/site-packages/uvicorn/_subprocess.py", line 80, in subprocess_started
    target(sockets=sockets)
  File "/opt/lampp/htdocs/farm/services/api/.venv/lib/python3.10/site-packages/uvicorn/server.py", line 75, in run
    return asyncio_run(self.serve(sockets=sockets), loop_factory=self.config.get_loop_factory())
  File "/opt/lampp/htdocs/farm/services/api/.venv/lib/python3.10/site-packages/uvicorn/_compat.py", line 60, in asyncio_run
    return loop.run_until_complete(main)
  File "uvloop/loop.pyx", line 1518, in uvloop.loop.Loop.run_until_complete
  File "/opt/lampp/htdocs/farm/services/api/.venv/lib/python3.10/site-packages/uvicorn/server.py", line 79, in serve
    await self._serve(sockets)
  File "/opt/lampp/htdocs/farm/services/api/.venv/lib/python3.10/site-packages/uvicorn/server.py", line 86, in _serve
    config.load()
  File "/opt/lampp/htdocs/farm/services/api/.venv/lib/python3.10/site-packages/uvicorn/config.py", line 441, in load
    self.loaded_app = import_from_string(self.app)
  File "/opt/lampp/htdocs/farm/services/api/.venv/lib/python3.10/site-packages/uvicorn/importer.py", line 19, in import_from_string
    module = importlib.import_module(module_str)
  File "/usr/lib/python3.10/importlib/__init__.py", line 126, in import_module
    return _bootstrap._gcd_import(name[level:], package, level)
  File "<frozen importlib._bootstrap>", line 1050, in _gcd_import
  File "<frozen importlib._bootstrap>", line 1027, in _find_and_load
  File "<frozen importlib._bootstrap>", line 1006, in _find_and_load_unlocked
  File "<frozen importlib._bootstrap>", line 688, in _load_unlocked
  File "<frozen importlib._bootstrap_external>", line 883, in exec_module
  File "<frozen importlib._bootstrap>", line 241, in _call_with_frames_removed
  File "/opt/lampp/htdocs/farm/services/api/main.py", line 18, in <module>
    from core.routers import billing
  File "/opt/lampp/htdocs/farm/services/api/core/routers/billing.py", line 7, in <module>
    from core.dependencies import get_session, get_current_user, get_current_tenant
ImportError: cannot import name 'get_current_user' from 'core.dependencies' (/opt/lampp/htdocs/farm/services/api/core/dependencies.py)
WARNING:  WatchFiles detected changes in 'core/services/onboarding_service.py'. Reloading...
2026-03-08 22:32:33.580 | WARNING  | core.database:<module>:12 - Usando banco local SQLite devido à falta de PostgreSQL configurado.
Process SpawnProcess-32:
Traceback (most recent call last):
  File "/usr/lib/python3.10/multiprocessing/process.py", line 314, in _bootstrap
    self.run()
  File "/usr/lib/python3.10/multiprocessing/process.py", line 108, in run
    self._target(*self._args, **self._kwargs)
  File "/opt/lampp/htdocs/farm/services/api/.venv/lib/python3.10/site-packages/uvicorn/_subprocess.py", line 80, in subprocess_started
    target(sockets=sockets)
  File "/opt/lampp/htdocs/farm/services/api/.venv/lib/python3.10/site-packages/uvicorn/server.py", line 75, in run
    return asyncio_run(self.serve(sockets=sockets), loop_factory=self.config.get_loop_factory())
  File "/opt/lampp/htdocs/farm/services/api/.venv/lib/python3.10/site-packages/uvicorn/_compat.py", line 60, in asyncio_run
    return loop.run_until_complete(main)
  File "uvloop/loop.pyx", line 1518, in uvloop.loop.Loop.run_until_complete
  File "/opt/lampp/htdocs/farm/services/api/.venv/lib/python3.10/site-packages/uvicorn/server.py", line 79, in serve
    await self._serve(sockets)
  File "/opt/lampp/htdocs/farm/services/api/.venv/lib/python3.10/site-packages/uvicorn/server.py", line 86, in _serve
    config.load()
  File "/opt/lampp/htdocs/farm/services/api/.venv/lib/python3.10/site-packages/uvicorn/config.py", line 441, in load
    self.loaded_app = import_from_string(self.app)
  File "/opt/lampp/htdocs/farm/services/api/.venv/lib/python3.10/site-packages/uvicorn/importer.py", line 19, in import_from_string
    module = importlib.import_module(module_str)
  File "/usr/lib/python3.10/importlib/__init__.py", line 126, in import_module
    return _bootstrap._gcd_import(name[level:], package, level)
  File "<frozen importlib._bootstrap>", line 1050, in _gcd_import
  File "<frozen importlib._bootstrap>", line 1027, in _find_and_load
  File "<frozen importlib._bootstrap>", line 1006, in _find_and_load_unlocked
  File "<frozen importlib._bootstrap>", line 688, in _load_unlocked
  File "<frozen importlib._bootstrap_external>", line 883, in exec_module
  File "<frozen importlib._bootstrap>", line 241, in _call_with_frames_removed
  File "/opt/lampp/htdocs/farm/services/api/main.py", line 18, in <module>
    from core.routers import billing
  File "/opt/lampp/htdocs/farm/services/api/core/routers/billing.py", line 7, in <module>
    from core.dependencies import get_session, get_current_user, get_current_tenant
ImportError: cannot import name 'get_current_user' from 'core.dependencies' (/opt/lampp/htdocs/farm/services/api/core/dependencies.py)
WARNING:  WatchFiles detected changes in 'core/services/onboarding_service.py'. Reloading...
2026-03-08 22:32:42.407 | WARNING  | core.database:<module>:12 - Usando banco local SQLite devido à falta de PostgreSQL configurado.
Process SpawnProcess-33:
Traceback (most recent call last):
  File "/usr/lib/python3.10/multiprocessing/process.py", line 314, in _bootstrap
    self.run()
  File "/usr/lib/python3.10/multiprocessing/process.py", line 108, in run
    self._target(*self._args, **self._kwargs)
  File "/opt/lampp/htdocs/farm/services/api/.venv/lib/python3.10/site-packages/uvicorn/_subprocess.py", line 80, in subprocess_started
    target(sockets=sockets)
  File "/opt/lampp/htdocs/farm/services/api/.venv/lib/python3.10/site-packages/uvicorn/server.py", line 75, in run
    return asyncio_run(self.serve(sockets=sockets), loop_factory=self.config.get_loop_factory())
  File "/opt/lampp/htdocs/farm/services/api/.venv/lib/python3.10/site-packages/uvicorn/_compat.py", line 60, in asyncio_run
    return loop.run_until_complete(main)
  File "uvloop/loop.pyx", line 1518, in uvloop.loop.Loop.run_until_complete
  File "/opt/lampp/htdocs/farm/services/api/.venv/lib/python3.10/site-packages/uvicorn/server.py", line 79, in serve
    await self._serve(sockets)
  File "/opt/lampp/htdocs/farm/services/api/.venv/lib/python3.10/site-packages/uvicorn/server.py", line 86, in _serve
    config.load()
  File "/opt/lampp/htdocs/farm/services/api/.venv/lib/python3.10/site-packages/uvicorn/config.py", line 441, in load
    self.loaded_app = import_from_string(self.app)
  File "/opt/lampp/htdocs/farm/services/api/.venv/lib/python3.10/site-packages/uvicorn/importer.py", line 19, in import_from_string
    module = importlib.import_module(module_str)
  File "/usr/lib/python3.10/importlib/__init__.py", line 126, in import_module
    return _bootstrap._gcd_import(name[level:], package, level)
  File "<frozen importlib._bootstrap>", line 1050, in _gcd_import
  File "<frozen importlib._bootstrap>", line 1027, in _find_and_load
  File "<frozen importlib._bootstrap>", line 1006, in _find_and_load_unlocked
  File "<frozen importlib._bootstrap>", line 688, in _load_unlocked
  File "<frozen importlib._bootstrap_external>", line 883, in exec_module
  File "<frozen importlib._bootstrap>", line 241, in _call_with_frames_removed
  File "/opt/lampp/htdocs/farm/services/api/main.py", line 18, in <module>
    from core.routers import billing
  File "/opt/lampp/htdocs/farm/services/api/core/routers/billing.py", line 7, in <module>
    from core.dependencies import get_session, get_current_user, get_current_tenant
ImportError: cannot import name 'get_current_user' from 'core.dependencies' (/opt/lampp/htdocs/farm/services/api/core/dependencies.py)
